[0831/120446.851:ERROR:process_memory_win.cc(73)] ReadMemory at 0x7ff621bb0000 of 64 bytes failed: Seule une partie d’une requête ReadProcessMemory ou WriteProcessMemory a été effectuée. (0x12B)
[0831/120446.857:WARNING:pe_image_reader.cc(340)] could not read dos header from C:\Program Files (x86)\Google\Chrome\Application\chrome.exe
[0831/120446.857:ERROR:process_memory_win.cc(73)] ReadMemory at 0x7fff4f5c0000 of 64 bytes failed: Seule une partie d’une requête ReadProcessMemory ou WriteProcessMemory a été effectuée. (0x12B)
[0831/120446.858:WARNING:pe_image_reader.cc(340)] could not read dos header from C:\Windows\SYSTEM32\ntdll.dll
[0831/120446.858:ERROR:process_memory_win.cc(73)] ReadMemory at 0x7fff4f3a0000 of 64 bytes failed: Seule une partie d’une requête ReadProcessMemory ou WriteProcessMemory a été effectuée. (0x12B)
[0831/120446.859:WARNING:pe_image_reader.cc(340)] could not read dos header from C:\Windows\System32\KERNEL32.DLL
[0831/120446.860:ERROR:process_memory_win.cc(73)] ReadMemory at 0x7fff4cd80000 of 64 bytes failed: Seule une partie d’une requête ReadProcessMemory ou WriteProcessMemory a été effectuée. (0x12B)
[0831/120446.860:WARNING:pe_image_reader.cc(340)] could not read dos header from C:\Windows\System32\KERNELBASE.dll
[0831/120446.860:ERROR:process_memory_win.cc(73)] ReadMemory at 0x7fff1afe0000 of 64 bytes failed: Seule une partie d’une requête ReadProcessMemory ou WriteProcessMemory a été effectuée. (0x12B)
[0831/120446.860:WARNING:pe_image_reader.cc(340)] could not read dos header from C:\Program Files (x86)\Google\Chrome\Application\84.0.4147.135\chrome_elf.dll
[0831/120446.860:ERROR:process_memory_win.cc(73)] ReadMemory at 0x7fff454f0000 of 64 bytes failed: Seule une partie d’une requête ReadProcessMemory ou WriteProcessMemory a été effectuée. (0x12B)
[0831/120446.860:WARNING:pe_image_reader.cc(340)] could not read dos header from C:\Windows\SYSTEM32\VERSION.dll
[0831/120446.861:ERROR:process_memory_win.cc(73)] ReadMemory at 0x7fff4ed20000 of 64 bytes failed: Seule une partie d’une requête ReadProcessMemory ou WriteProcessMemory a été effectuée. (0x12B)
[0831/120446.861:WARNING:pe_image_reader.cc(340)] could not read dos header from C:\Windows\System32\msvcrt.dll
[0831/120446.861:ERROR:process_memory_win.cc(73)] ReadMemory at 0x7fff4d2e0000 of 64 bytes failed: Seule une partie d’une requête ReadProcessMemory ou WriteProcessMemory a été effectuée. (0x12B)
[0831/120446.861:WARNING:pe_image_reader.cc(340)] could not read dos header from C:\Windows\System32\bcryptPrimitives.dll
[0831/120446.861:ERROR:process_memory_win.cc(73)] ReadMemory at 0x7fff4f230000 of 64 bytes failed: Seule une partie d’une requête ReadProcessMemory ou WriteProcessMemory a été effectuée. (0x12B)
[0831/120446.861:WARNING:pe_image_reader.cc(340)] could not read dos header from C:\Windows\System32\ADVAPI32.dll
[0831/120446.861:ERROR:process_memory_win.cc(73)] ReadMemory at 0x7fff4ec80000 of 64 bytes failed: Seule une partie d’une requête ReadProcessMemory ou WriteProcessMemory a été effectuée. (0x12B)
[0831/120446.861:WARNING:pe_image_reader.cc(340)] could not read dos header from C:\Windows\System32\sechost.dll
[0831/120446.861:ERROR:process_memory_win.cc(73)] ReadMemory at 0x7fff4e430000 of 64 bytes failed: Seule une partie d’une requête ReadProcessMemory ou WriteProcessMemory a été effectuée. (0x12B)
[0831/120446.861:WARNING:pe_image_reader.cc(340)] could not read dos header from C:\Windows\System32\RPCRT4.dll
[0831/120446.861:ERROR:process_memory_win.cc(73)] ReadMemory at 0x7ffefbb50000 of 64 bytes failed: Seule une partie d’une requête ReadProcessMemory ou WriteProcessMemory a été effectuée. (0x12B)
[0831/120446.861:WARNING:pe_image_reader.cc(340)] could not read dos header from C:\Program Files (x86)\Google\Chrome\Application\84.0.4147.135\chrome.dll
[0831/120446.861:ERROR:process_memory_win.cc(73)] ReadMemory at 0x16486d40000 of 64 bytes failed: Seule une partie d’une requête ReadProcessMemory ou WriteProcessMemory a été effectuée. (0x12B)
[0831/120446.861:WARNING:pe_image_reader.cc(340)] could not read dos header from C:\Windows\System32\WS2_32.dll
[0831/120446.862:ERROR:process_memory_win.cc(73)] ReadMemory at 0x7fff4d6e0000 of 64 bytes failed: Seule une partie d’une requête ReadProcessMemory ou WriteProcessMemory a été effectuée. (0x12B)
[0831/120446.862:WARNING:pe_image_reader.cc(340)] could not read dos header from C:\Windows\System32\OLEAUT32.dll
[0831/120446.862:ERROR:process_memory_win.cc(73)] ReadMemory at 0x7fff4d090000 of 64 bytes failed: Seule une partie d’une requête ReadProcessMemory ou WriteProcessMemory a été effectuée. (0x12B)
[0831/120446.862:WARNING:pe_image_reader.cc(340)] could not read dos header from C:\Windows\System32\msvcp_win.dll
[0831/120446.862:ERROR:process_memory_win.cc(73)] ReadMemory at 0x7fff4d3d0000 of 64 bytes failed: Seule une partie d’une requête ReadProcessMemory ou WriteProcessMemory a été effectuée. (0x12B)
[0831/120446.862:WARNING:pe_image_reader.cc(340)] could not read dos header from C:\Windows\System32\ucrtbase.dll
[0831/120446.862:ERROR:process_memory_win.cc(73)] ReadMemory at 0x7fff4df50000 of 64 bytes failed: Seule une partie d’une requête ReadProcessMemory ou WriteProcessMemory a été effectuée. (0x12B)
[0831/120446.862:WARNING:pe_image_reader.cc(340)] could not read dos header from C:\Windows\System32\combase.dll
[0831/120446.862:ERROR:process_memory_win.cc(73)] ReadMemory at 0x7fff4d030000 of 64 bytes failed: Seule une partie d’une requête ReadProcessMemory ou WriteProcessMemory a été effectuée. (0x12B)
[0831/120446.862:WARNING:pe_image_reader.cc(340)] could not read dos header from C:\Windows\System32\WINTRUST.dll
[0831/120446.863:ERROR:process_memory_win.cc(73)] ReadMemory at 0x7fff4c4f0000 of 64 bytes failed: Seule une partie d’une requête ReadProcessMemory ou WriteProcessMemory a été effectuée. (0x12B)
[0831/120446.863:WARNING:pe_image_reader.cc(340)] could not read dos header from C:\Windows\System32\MSASN1.dll
[0831/120446.863:ERROR:process_memory_win.cc(73)] ReadMemory at 0x7fff4d190000 of 64 bytes failed: Seule une partie d’une requête ReadProcessMemory ou WriteProcessMemory a été effectuée. (0x12B)
[0831/120446.863:WARNING:pe_image_reader.cc(340)] could not read dos header from C:\Windows\System32\CRYPT32.dll
[0831/120446.863:ERROR:process_memory_win.cc(73)] ReadMemory at 0x7fff4b980000 of 64 bytes failed: Seule une partie d’une requête ReadProcessMemory ou WriteProcessMemory a été effectuée. (0x12B)
[0831/120446.863:WARNING:pe_image_reader.cc(340)] could not read dos header from C:\Windows\SYSTEM32\IPHLPAPI.DLL
[0831/120446.864:ERROR:process_memory_win.cc(73)] ReadMemory at 0x7fff49d90000 of 64 bytes failed: Seule une partie d’une requête ReadProcessMemory ou WriteProcessMemory a été effectuée. (0x12B)
[0831/120446.864:WARNING:pe_image_reader.cc(340)] could not read dos header from C:\Windows\SYSTEM32\WINMM.dll
[0831/120446.864:ERROR:process_memory_win.cc(73)] ReadMemory at 0x7fff3e9a0000 of 64 bytes failed: Seule une partie d’une requête ReadProcessMemory ou WriteProcessMemory a été effectuée. (0x12B)
[0831/120446.864:WARNING:pe_image_reader.cc(340)] could not read dos header from C:\Windows\SYSTEM32\Secur32.dll
[0831/120446.864:ERROR:process_memory_win.cc(73)] ReadMemory at 0x7fff4c390000 of 64 bytes failed: Seule une partie d’une requête ReadProcessMemory ou WriteProcessMemory a été effectuée. (0x12B)
[0831/120446.864:WARNING:pe_image_reader.cc(340)] could not read dos header from C:\Windows\SYSTEM32\USERENV.dll
[0831/120446.864:ERROR:process_memory_win.cc(73)] ReadMemory at 0x7fff4c510000 of 64 bytes failed: Seule une partie d’une requête ReadProcessMemory ou WriteProcessMemory a été effectuée. (0x12B)
[0831/120446.865:WARNING:pe_image_reader.cc(340)] could not read dos header from C:\Windows\System32\profapi.dll
[0831/120446.865:ERROR:process_memory_win.cc(73)] ReadMemory at 0x7fff1e240000 of 64 bytes failed: Seule une partie d’une requête ReadProcessMemory ou WriteProcessMemory a été effectuée. (0x12B)
[0831/120446.865:WARNING:pe_image_reader.cc(340)] could not read dos header from C:\Windows\SYSTEM32\UIAutomationCore.DLL
[0831/120446.865:ERROR:process_memory_win.cc(73)] ReadMemory at 0x7fff2ee60000 of 64 bytes failed: Seule une partie d’une requête ReadProcessMemory ou WriteProcessMemory a été effectuée. (0x12B)
[0831/120446.865:WARNING:pe_image_reader.cc(340)] could not read dos header from C:\Windows\SYSTEM32\DWrite.dll
[0831/120446.866:ERROR:process_memory_win.cc(73)] ReadMemory at 0x7fff38c30000 of 64 bytes failed: Seule une partie d’une requête ReadProcessMemory ou WriteProcessMemory a été effectuée. (0x12B)
[0831/120446.866:WARNING:pe_image_reader.cc(340)] could not read dos header from C:\Windows\SYSTEM32\WINSPOOL.DRV
[0831/120446.866:ERROR:process_memory_win.cc(73)] ReadMemory at 0x7fff4c480000 of 64 bytes failed: Seule une partie d’une requête ReadProcessMemory ou WriteProcessMemory a été effectuée. (0x12B)
[0831/120446.867:WARNING:pe_image_reader.cc(340)] could not read dos header from C:\Windows\System32\kernel.appcore.dll
[0831/120446.867:ERROR:process_memory_win.cc(73)] ReadMemory at 0x7fff4d160000 of 64 bytes failed: Seule une partie d’une requête ReadProcessMemory ou WriteProcessMemory a été effectuée. (0x12B)
[0831/120446.867:WARNING:pe_image_reader.cc(340)] could not read dos header from C:\Windows\System32\bcrypt.dll
[0831/120446.867:ERROR:process_memory_win.cc(73)] ReadMemory at 0x7fff3d2b0000 of 64 bytes failed: Seule une partie d’une requête ReadProcessMemory ou WriteProcessMemory a été effectuée. (0x12B)
[0831/120446.867:WARNING:pe_image_reader.cc(340)] could not read dos header from C:\Windows\SYSTEM32\dbghelp.dll
[0831/120446.867:ERROR:process_memory_win.cc(73)] ReadMemory at 0x7fff46680000 of 64 bytes failed: Seule une partie d’une requête ReadProcessMemory ou WriteProcessMemory a été effectuée. (0x12B)
[0831/120446.867:WARNING:pe_image_reader.cc(340)] could not read dos header from C:\Windows\SYSTEM32\WINHTTP.dll
[0831/120446.868:ERROR:process_memory_win.cc(73)] ReadMemory at 0x7fff448a0000 of 64 bytes failed: Seule une partie d’une requête ReadProcessMemory ou WriteProcessMemory a été effectuée. (0x12B)
[0831/120446.868:WARNING:pe_image_reader.cc(340)] could not read dos header from C:\Windows\SYSTEM32\dhcpcsvc.DLL
[0831/120446.868:ERROR:process_memory_win.cc(73)] ReadMemory at 0x7fff4d6d0000 of 64 bytes failed: Seule une partie d’une requête ReadProcessMemory ou WriteProcessMemory a été effectuée. (0x12B)
[0831/120446.868:WARNING:pe_image_reader.cc(340)] could not read dos header from C:\Windows\System32\NSI.dll
[0831/120446.868:ERROR:process_memory_win.cc(73)] ReadMemory at 0x7fff496a0000 of 64 bytes failed: Seule une partie d’une requête ReadProcessMemory ou WriteProcessMemory a été effectuée. (0x12B)
[0831/120446.868:WARNING:pe_image_reader.cc(340)] could not read dos header from C:\Windows\SYSTEM32\WINMMBASE.dll
[0831/120446.868:ERROR:process_memory_win.cc(73)] ReadMemory at 0x7fff4d360000 of 64 bytes failed: Seule une partie d’une requête ReadProcessMemory ou WriteProcessMemory a été effectuée. (0x12B)
[0831/120446.869:WARNING:pe_image_reader.cc(340)] could not read dos header from C:\Windows\System32\cfgmgr32.dll
[0831/120446.869:ERROR:process_memory_win.cc(73)] ReadMemory at 0x7fff493f0000 of 64 bytes failed: Seule une partie d’une requête ReadProcessMemory ou WriteProcessMemory a été effectuée. (0x12B)
[0831/120446.869:WARNING:pe_image_reader.cc(340)] could not read dos header from C:\Windows\SYSTEM32\PROPSYS.dll
[0831/120446.869:ERROR:process_memory_win.cc(73)] ReadMemory at 0x7fff4d7b0000 of 64 bytes failed: Seule une partie d’une requête ReadProcessMemory ou WriteProcessMemory a été effectuée. (0x12B)
[0831/120446.869:WARNING:pe_image_reader.cc(340)] could not read dos header from C:\Windows\System32\shcore.dll
[0831/120446.870:ERROR:process_memory_win.cc(73)] ReadMemory at 0x7fff4c360000 of 64 bytes failed: Seule une partie d’une requête ReadProcessMemory ou WriteProcessMemory a été effectuée. (0x12B)
[0831/120446.870:WARNING:pe_image_reader.cc(340)] could not read dos header from C:\Windows\SYSTEM32\SSPICLI.DLL
[0831/120446.870:ERROR:process_memory_win.cc(73)] ReadMemory at 0x7fff4d860000 of 64 bytes failed: Seule une partie d’une requête ReadProcessMemory ou WriteProcessMemory a été effectuée. (0x12B)
[0831/120446.870:WARNING:pe_image_reader.cc(340)] could not read dos header from C:\Windows\System32\SHELL32.dll
[0831/120446.870:ERROR:process_memory_win.cc(73)] ReadMemory at 0x7fff4c540000 of 64 bytes failed: Seule une partie d’une requête ReadProcessMemory ou WriteProcessMemory a été effectuée. (0x12B)
[0831/120446.871:WARNING:pe_image_reader.cc(340)] could not read dos header from C:\Windows\System32\windows.storage.dll
[0831/120446.871:ERROR:process_memory_win.cc(73)] ReadMemory at 0x7fff4c4a0000 of 64 bytes failed: Seule une partie d’une requête ReadProcessMemory ou WriteProcessMemory a été effectuée. (0x12B)
[0831/120446.871:WARNING:pe_image_reader.cc(340)] could not read dos header from C:\Windows\System32\powrprof.dll
[0831/120446.871:ERROR:process_memory_win.cc(73)] ReadMemory at 0x7fff4c470000 of 64 bytes failed: Seule une partie d’une requête ReadProcessMemory ou WriteProcessMemory a été effectuée. (0x12B)
[0831/120446.871:WARNING:pe_image_reader.cc(340)] could not read dos header from C:\Windows\System32\UMPDC.dll
[0831/120446.871:ERROR:process_memory_win.cc(73)] ReadMemory at 0x7fff4f340000 of 64 bytes failed: Seule une partie d’une requête ReadProcessMemory ou WriteProcessMemory a été effectuée. (0x12B)
[0831/120446.871:WARNING:pe_image_reader.cc(340)] could not read dos header from C:\Windows\System32\shlwapi.dll
[0831/120446.871:ERROR:process_memory_win.cc(73)] ReadMemory at 0x7fff4e710000 of 64 bytes failed: Seule une partie d’une requête ReadProcessMemory ou WriteProcessMemory a été effectuée. (0x12B)
[0831/120446.872:WARNING:pe_image_reader.cc(340)] could not read dos header from C:\Windows\System32\GDI32.dll
[0831/120446.872:ERROR:process_memory_win.cc(73)] ReadMemory at 0x7fff4d130000 of 64 bytes failed: Seule une partie d’une requête ReadProcessMemory ou WriteProcessMemory a été effectuée. (0x12B)
[0831/120446.872:WARNING:pe_image_reader.cc(340)] could not read dos header from C:\Windows\System32\win32u.dll
[0831/120446.872:ERROR:process_memory_win.cc(73)] ReadMemory at 0x7fff4d4d0000 of 64 bytes failed: Seule une partie d’une requête ReadProcessMemory ou WriteProcessMemory a été effectuée. (0x12B)
[0831/120446.872:WARNING:pe_image_reader.cc(340)] could not read dos header from C:\Windows\System32\gdi32full.dll
[0831/120446.872:ERROR:process_memory_win.cc(73)] ReadMemory at 0x7fff4e290000 of 64 bytes failed: Seule une partie d’une requête ReadProcessMemory ou WriteProcessMemory a été effectuée. (0x12B)
[0831/120446.872:WARNING:pe_image_reader.cc(340)] could not read dos header from C:\Windows\System32\USER32.dll
[0831/120446.873:ERROR:process_memory_win.cc(73)] ReadMemory at 0x7fff4d3b0000 of 64 bytes failed: Seule une partie d’une requête ReadProcessMemory ou WriteProcessMemory a été effectuée. (0x12B)
[0831/120446.873:WARNING:pe_image_reader.cc(340)] could not read dos header from C:\Windows\System32\cryptsp.dll
[0831/120446.873:ERROR:process_memory_win.cc(73)] ReadMemory at 0x7fff4d690000 of 64 bytes failed: Seule une partie d’une requête ReadProcessMemory ou WriteProcessMemory a été effectuée. (0x12B)
[0831/120446.873:WARNING:pe_image_reader.cc(340)] could not read dos header from C:\Windows\System32\IMM32.DLL
[0831/120446.873:ERROR:process_memory_win.cc(73)] ReadMemory at 0x7fff4be40000 of 64 bytes failed: Seule une partie d’une requête ReadProcessMemory ou WriteProcessMemory a été effectuée. (0x12B)
[0831/120446.873:WARNING:pe_image_reader.cc(340)] could not read dos header from C:\Windows\SYSTEM32\CRYPTBASE.DLL
[0831/120446.889:ERROR:process_memory_win.cc(73)] ReadMemory at 0x7ff621bb0000 of 64 bytes failed: Seule une partie d’une requête ReadProcessMemory ou WriteProcessMemory a été effectuée. (0x12B)
[0831/120446.889:WARNING:pe_image_reader.cc(340)] could not read dos header from C:\Program Files (x86)\Google\Chrome\Application\chrome.exe
[0831/120446.890:ERROR:process_memory_win.cc(73)] ReadMemory at 0x7fff4f5c0000 of 64 bytes failed: Seule une partie d’une requête ReadProcessMemory ou WriteProcessMemory a été effectuée. (0x12B)
[0831/120446.890:WARNING:pe_image_reader.cc(340)] could not read dos header from C:\Windows\SYSTEM32\ntdll.dll
[0831/120446.890:ERROR:process_memory_win.cc(73)] ReadMemory at 0x7fff4f3a0000 of 64 bytes failed: Seule une partie d’une requête ReadProcessMemory ou WriteProcessMemory a été effectuée. (0x12B)
[0831/120446.890:WARNING:pe_image_reader.cc(340)] could not read dos header from C:\Windows\System32\KERNEL32.DLL
[0831/120446.891:ERROR:process_memory_win.cc(73)] ReadMemory at 0x7fff4cd80000 of 64 bytes failed: Seule une partie d’une requête ReadProcessMemory ou WriteProcessMemory a été effectuée. (0x12B)
[0831/120446.891:WARNING:pe_image_reader.cc(340)] could not read dos header from C:\Windows\System32\KERNELBASE.dll
[0831/120446.891:ERROR:process_memory_win.cc(73)] ReadMemory at 0x7fff1afe0000 of 64 bytes failed: Seule une partie d’une requête ReadProcessMemory ou WriteProcessMemory a été effectuée. (0x12B)
[0831/120446.891:WARNING:pe_image_reader.cc(340)] could not read dos header from C:\Program Files (x86)\Google\Chrome\Application\84.0.4147.135\chrome_elf.dll
[0831/120446.891:ERROR:process_memory_win.cc(73)] ReadMemory at 0x7fff454f0000 of 64 bytes failed: Seule une partie d’une requête ReadProcessMemory ou WriteProcessMemory a été effectuée. (0x12B)
[0831/120446.891:WARNING:pe_image_reader.cc(340)] could not read dos header from C:\Windows\SYSTEM32\VERSION.dll
[0831/120446.892:ERROR:process_memory_win.cc(73)] ReadMemory at 0x7fff4ed20000 of 64 bytes failed: Seule une partie d’une requête ReadProcessMemory ou WriteProcessMemory a été effectuée. (0x12B)
[0831/120446.892:WARNING:pe_image_reader.cc(340)] could not read dos header from C:\Windows\System32\msvcrt.dll
[0831/120446.892:ERROR:process_memory_win.cc(73)] ReadMemory at 0x7fff4d2e0000 of 64 bytes failed: Seule une partie d’une requête ReadProcessMemory ou WriteProcessMemory a été effectuée. (0x12B)
[0831/120446.892:WARNING:pe_image_reader.cc(340)] could not read dos header from C:\Windows\System32\bcryptPrimitives.dll
[0831/120446.892:ERROR:process_memory_win.cc(73)] ReadMemory at 0x7fff4f230000 of 64 bytes failed: Seule une partie d’une requête ReadProcessMemory ou WriteProcessMemory a été effectuée. (0x12B)
[0831/120446.892:WARNING:pe_image_reader.cc(340)] could not read dos header from C:\Windows\System32\ADVAPI32.dll
[0831/120446.892:ERROR:process_memory_win.cc(73)] ReadMemory at 0x7fff4ec80000 of 64 bytes failed: Seule une partie d’une requête ReadProcessMemory ou WriteProcessMemory a été effectuée. (0x12B)
[0831/120446.893:WARNING:pe_image_reader.cc(340)] could not read dos header from C:\Windows\System32\sechost.dll
[0831/120446.893:ERROR:process_memory_win.cc(73)] ReadMemory at 0x7fff4e430000 of 64 bytes failed: Seule une partie d’une requête ReadProcessMemory ou WriteProcessMemory a été effectuée. (0x12B)
[0831/120446.893:WARNING:pe_image_reader.cc(340)] could not read dos header from C:\Windows\System32\RPCRT4.dll
[0831/120446.893:ERROR:process_memory_win.cc(73)] ReadMemory at 0x7ffefbb50000 of 64 bytes failed: Seule une partie d’une requête ReadProcessMemory ou WriteProcessMemory a été effectuée. (0x12B)
[0831/120446.893:WARNING:pe_image_reader.cc(340)] could not read dos header from C:\Program Files (x86)\Google\Chrome\Application\84.0.4147.135\chrome.dll
[0831/120446.893:ERROR:process_memory_win.cc(73)] ReadMemory at 0x16486d40000 of 64 bytes failed: Seule une partie d’une requête ReadProcessMemory ou WriteProcessMemory a été effectuée. (0x12B)
[0831/120446.893:WARNING:pe_image_reader.cc(340)] could not read dos header from C:\Windows\System32\WS2_32.dll
[0831/120446.893:ERROR:process_memory_win.cc(73)] ReadMemory at 0x7fff4d6e0000 of 64 bytes failed: Seule une partie d’une requête ReadProcessMemory ou WriteProcessMemory a été effectuée. (0x12B)
[0831/120446.893:WARNING:pe_image_reader.cc(340)] could not read dos header from C:\Windows\System32\OLEAUT32.dll
[0831/120446.894:ERROR:process_memory_win.cc(73)] ReadMemory at 0x7fff4d090000 of 64 bytes failed: Seule une partie d’une requête ReadProcessMemory ou WriteProcessMemory a été effectuée. (0x12B)
[0831/120446.895:WARNING:pe_image_reader.cc(340)] could not read dos header from C:\Windows\System32\msvcp_win.dll
[0831/120446.895:ERROR:process_memory_win.cc(73)] ReadMemory at 0x7fff4d3d0000 of 64 bytes failed: Seule une partie d’une requête ReadProcessMemory ou WriteProcessMemory a été effectuée. (0x12B)
[0831/120446.895:WARNING:pe_image_reader.cc(340)] could not read dos header from C:\Windows\System32\ucrtbase.dll
[0831/120446.895:ERROR:process_memory_win.cc(73)] ReadMemory at 0x7fff4df50000 of 64 bytes failed: Seule une partie d’une requête ReadProcessMemory ou WriteProcessMemory a été effectuée. (0x12B)
[0831/120446.895:WARNING:pe_image_reader.cc(340)] could not read dos header from C:\Windows\System32\combase.dll
[0831/120446.895:ERROR:process_memory_win.cc(73)] ReadMemory at 0x7fff4d030000 of 64 bytes failed: Seule une partie d’une requête ReadProcessMemory ou WriteProcessMemory a été effectuée. (0x12B)
[0831/120446.895:WARNING:pe_image_reader.cc(340)] could not read dos header from C:\Windows\System32\WINTRUST.dll
[0831/120446.895:ERROR:process_memory_win.cc(73)] ReadMemory at 0x7fff4c4f0000 of 64 bytes failed: Seule une partie d’une requête ReadProcessMemory ou WriteProcessMemory a été effectuée. (0x12B)
[0831/120446.895:WARNING:pe_image_reader.cc(340)] could not read dos header from C:\Windows\System32\MSASN1.dll
[0831/120446.895:ERROR:process_memory_win.cc(73)] ReadMemory at 0x7fff4d190000 of 64 bytes failed: Seule une partie d’une requête ReadProcessMemory ou WriteProcessMemory a été effectuée. (0x12B)
[0831/120446.895:WARNING:pe_image_reader.cc(340)] could not read dos header from C:\Windows\System32\CRYPT32.dll
[0831/120446.896:ERROR:process_memory_win.cc(73)] ReadMemory at 0x7fff4b980000 of 64 bytes failed: Seule une partie d’une requête ReadProcessMemory ou WriteProcessMemory a été effectuée. (0x12B)
[0831/120446.896:WARNING:pe_image_reader.cc(340)] could not read dos header from C:\Windows\SYSTEM32\IPHLPAPI.DLL
[0831/120446.896:ERROR:process_memory_win.cc(73)] ReadMemory at 0x7fff49d90000 of 64 bytes failed: Seule une partie d’une requête ReadProcessMemory ou WriteProcessMemory a été effectuée. (0x12B)
[0831/120446.896:WARNING:pe_image_reader.cc(340)] could not read dos header from C:\Windows\SYSTEM32\WINMM.dll
[0831/120446.896:ERROR:process_memory_win.cc(73)] ReadMemory at 0x7fff3e9a0000 of 64 bytes failed: Seule une partie d’une requête ReadProcessMemory ou WriteProcessMemory a été effectuée. (0x12B)
[0831/120446.896:WARNING:pe_image_reader.cc(340)] could not read dos header from C:\Windows\SYSTEM32\Secur32.dll
[0831/120446.896:ERROR:process_memory_win.cc(73)] ReadMemory at 0x7fff4c390000 of 64 bytes failed: Seule une partie d’une requête ReadProcessMemory ou WriteProcessMemory a été effectuée. (0x12B)
[0831/120446.896:WARNING:pe_image_reader.cc(340)] could not read dos header from C:\Windows\SYSTEM32\USERENV.dll
[0831/120446.897:ERROR:process_memory_win.cc(73)] ReadMemory at 0x7fff4c510000 of 64 bytes failed: Seule une partie d’une requête ReadProcessMemory ou WriteProcessMemory a été effectuée. (0x12B)
[0831/120446.897:WARNING:pe_image_reader.cc(340)] could not read dos header from C:\Windows\System32\profapi.dll
[0831/120446.897:ERROR:process_memory_win.cc(73)] ReadMemory at 0x7fff1e240000 of 64 bytes failed: Seule une partie d’une requête ReadProcessMemory ou WriteProcessMemory a été effectuée. (0x12B)
[0831/120446.898:WARNING:pe_image_reader.cc(340)] could not read dos header from C:\Windows\SYSTEM32\UIAutomationCore.DLL
[0831/120446.898:ERROR:process_memory_win.cc(73)] ReadMemory at 0x7fff2ee60000 of 64 bytes failed: Seule une partie d’une requête ReadProcessMemory ou WriteProcessMemory a été effectuée. (0x12B)
[0831/120446.898:WARNING:pe_image_reader.cc(340)] could not read dos header from C:\Windows\SYSTEM32\DWrite.dll
[0831/120446.898:ERROR:process_memory_win.cc(73)] ReadMemory at 0x7fff38c30000 of 64 bytes failed: Seule une partie d’une requête ReadProcessMemory ou WriteProcessMemory a été effectuée. (0x12B)
[0831/120446.898:WARNING:pe_image_reader.cc(340)] could not read dos header from C:\Windows\SYSTEM32\WINSPOOL.DRV
[0831/120446.898:ERROR:process_memory_win.cc(73)] ReadMemory at 0x7fff4c480000 of 64 bytes failed: Seule une partie d’une requête ReadProcessMemory ou WriteProcessMemory a été effectuée. (0x12B)
[0831/120446.898:WARNING:pe_image_reader.cc(340)] could not read dos header from C:\Windows\System32\kernel.appcore.dll
[0831/120446.898:ERROR:process_memory_win.cc(73)] ReadMemory at 0x7fff4d160000 of 64 bytes failed: Seule une partie d’une requête ReadProcessMemory ou WriteProcessMemory a été effectuée. (0x12B)
[0831/120446.898:WARNING:pe_image_reader.cc(340)] could not read dos header from C:\Windows\System32\bcrypt.dll
[0831/120446.899:ERROR:process_memory_win.cc(73)] ReadMemory at 0x7fff3d2b0000 of 64 bytes failed: Seule une partie d’une requête ReadProcessMemory ou WriteProcessMemory a été effectuée. (0x12B)
[0831/120446.899:WARNING:pe_image_reader.cc(340)] could not read dos header from C:\Windows\SYSTEM32\dbghelp.dll
[0831/120446.899:ERROR:process_memory_win.cc(73)] ReadMemory at 0x7fff46680000 of 64 bytes failed: Seule une partie d’une requête ReadProcessMemory ou WriteProcessMemory a été effectuée. (0x12B)
[0831/120446.899:WARNING:pe_image_reader.cc(340)] could not read dos header from C:\Windows\SYSTEM32\WINHTTP.dll
[0831/120446.899:ERROR:process_memory_win.cc(73)] ReadMemory at 0x7fff448a0000 of 64 bytes failed: Seule une partie d’une requête ReadProcessMemory ou WriteProcessMemory a été effectuée. (0x12B)
[0831/120446.899:WARNING:pe_image_reader.cc(340)] could not read dos header from C:\Windows\SYSTEM32\dhcpcsvc.DLL
[0831/120446.899:ERROR:process_memory_win.cc(73)] ReadMemory at 0x7fff4d6d0000 of 64 bytes failed: Seule une partie d’une requête ReadProcessMemory ou WriteProcessMemory a été effectuée. (0x12B)
[0831/120446.899:WARNING:pe_image_reader.cc(340)] could not read dos header from C:\Windows\System32\NSI.dll
[0831/120446.899:ERROR:process_memory_win.cc(73)] ReadMemory at 0x7fff496a0000 of 64 bytes failed: Seule une partie d’une requête ReadProcessMemory ou WriteProcessMemory a été effectuée. (0x12B)
[0831/120446.900:WARNING:pe_image_reader.cc(340)] could not read dos header from C:\Windows\SYSTEM32\WINMMBASE.dll
[0831/120446.900:ERROR:process_memory_win.cc(73)] ReadMemory at 0x7fff4d360000 of 64 bytes failed: Seule une partie d’une requête ReadProcessMemory ou WriteProcessMemory a été effectuée. (0x12B)
[0831/120446.900:WARNING:pe_image_reader.cc(340)] could not read dos header from C:\Windows\System32\cfgmgr32.dll
[0831/120446.900:ERROR:process_memory_win.cc(73)] ReadMemory at 0x7fff493f0000 of 64 bytes failed: Seule une partie d’une requête ReadProcessMemory ou WriteProcessMemory a été effectuée. (0x12B)
[0831/120446.900:WARNING:pe_image_reader.cc(340)] could not read dos header from C:\Windows\SYSTEM32\PROPSYS.dll
[0831/120446.900:ERROR:process_memory_win.cc(73)] ReadMemory at 0x7fff4d7b0000 of 64 bytes failed: Seule une partie d’une requête ReadProcessMemory ou WriteProcessMemory a été effectuée. (0x12B)
[0831/120446.900:WARNING:pe_image_reader.cc(340)] could not read dos header from C:\Windows\System32\shcore.dll
[0831/120446.900:ERROR:process_memory_win.cc(73)] ReadMemory at 0x7fff4c360000 of 64 bytes failed: Seule une partie d’une requête ReadProcessMemory ou WriteProcessMemory a été effectuée. (0x12B)
[0831/120446.901:WARNING:pe_image_reader.cc(340)] could not read dos header from C:\Windows\SYSTEM32\SSPICLI.DLL
[0831/120446.901:ERROR:process_memory_win.cc(73)] ReadMemory at 0x7fff4d860000 of 64 bytes failed: Seule une partie d’une requête ReadProcessMemory ou WriteProcessMemory a été effectuée. (0x12B)
[0831/120446.901:WARNING:pe_image_reader.cc(340)] could not read dos header from C:\Windows\System32\SHELL32.dll
[0831/120446.901:ERROR:process_memory_win.cc(73)] ReadMemory at 0x7fff4c540000 of 64 bytes failed: Seule une partie d’une requête ReadProcessMemory ou WriteProcessMemory a été effectuée. (0x12B)
[0831/120446.901:WARNING:pe_image_reader.cc(340)] could not read dos header from C:\Windows\System32\windows.storage.dll
[0831/120446.901:ERROR:process_memory_win.cc(73)] ReadMemory at 0x7fff4c4a0000 of 64 bytes failed: Seule une partie d’une requête ReadProcessMemory ou WriteProcessMemory a été effectuée. (0x12B)
[0831/120446.901:WARNING:pe_image_reader.cc(340)] could not read dos header from C:\Windows\System32\powrprof.dll
[0831/120446.901:ERROR:process_memory_win.cc(73)] ReadMemory at 0x7fff4c470000 of 64 bytes failed: Seule une partie d’une requête ReadProcessMemory ou WriteProcessMemory a été effectuée. (0x12B)
[0831/120446.902:WARNING:pe_image_reader.cc(340)] could not read dos header from C:\Windows\System32\UMPDC.dll
[0831/120446.902:ERROR:process_memory_win.cc(73)] ReadMemory at 0x7fff4f340000 of 64 bytes failed: Seule une partie d’une requête ReadProcessMemory ou WriteProcessMemory a été effectuée. (0x12B)
[0831/120446.902:WARNING:pe_image_reader.cc(340)] could not read dos header from C:\Windows\System32\shlwapi.dll
[0831/120446.902:ERROR:process_memory_win.cc(73)] ReadMemory at 0x7fff4e710000 of 64 bytes failed: Seule une partie d’une requête ReadProcessMemory ou WriteProcessMemory a été effectuée. (0x12B)
[0831/120446.902:WARNING:pe_image_reader.cc(340)] could not read dos header from C:\Windows\System32\GDI32.dll
[0831/120446.902:ERROR:process_memory_win.cc(73)] ReadMemory at 0x7fff4d130000 of 64 bytes failed: Seule une partie d’une requête ReadProcessMemory ou WriteProcessMemory a été effectuée. (0x12B)
[0831/120446.902:WARNING:pe_image_reader.cc(340)] could not read dos header from C:\Windows\System32\win32u.dll
[0831/120446.902:ERROR:process_memory_win.cc(73)] ReadMemory at 0x7fff4d4d0000 of 64 bytes failed: Seule une partie d’une requête ReadProcessMemory ou WriteProcessMemory a été effectuée. (0x12B)
[0831/120446.902:WARNING:pe_image_reader.cc(340)] could not read dos header from C:\Windows\System32\gdi32full.dll
[0831/120446.902:ERROR:process_memory_win.cc(73)] ReadMemory at 0x7fff4e290000 of 64 bytes failed: Seule une partie d’une requête ReadProcessMemory ou WriteProcessMemory a été effectuée. (0x12B)
[0831/120446.902:WARNING:pe_image_reader.cc(340)] could not read dos header from C:\Windows\System32\USER32.dll
[0831/120446.903:ERROR:process_memory_win.cc(73)] ReadMemory at 0x7fff4d3b0000 of 64 bytes failed: Seule une partie d’une requête ReadProcessMemory ou WriteProcessMemory a été effectuée. (0x12B)
[0831/120446.903:WARNING:pe_image_reader.cc(340)] could not read dos header from C:\Windows\System32\cryptsp.dll
[0831/120446.903:ERROR:process_memory_win.cc(73)] ReadMemory at 0x7fff4d690000 of 64 bytes failed: Seule une partie d’une requête ReadProcessMemory ou WriteProcessMemory a été effectuée. (0x12B)
[0831/120446.903:WARNING:pe_image_reader.cc(340)] could not read dos header from C:\Windows\System32\IMM32.DLL
[0831/120446.903:ERROR:process_memory_win.cc(73)] ReadMemory at 0x7fff4be40000 of 64 bytes failed: Seule une partie d’une requête ReadProcessMemory ou WriteProcessMemory a été effectuée. (0x12B)
[0831/120446.903:WARNING:pe_image_reader.cc(340)] could not read dos header from C:\Windows\SYSTEM32\CRYPTBASE.DLL
[0831/120446.903:ERROR:process_memory_win.cc(73)] ReadMemory at 0x7ff621bb0000 of 64 bytes failed: Seule une partie d’une requête ReadProcessMemory ou WriteProcessMemory a été effectuée. (0x12B)
[0831/120446.903:WARNING:pe_image_reader.cc(340)] could not read dos header from C:\Program Files (x86)\Google\Chrome\Application\chrome.exe
[0831/120446.903:ERROR:process_memory_win.cc(73)] ReadMemory at 0x7fff4f5c0000 of 64 bytes failed: Seule une partie d’une requête ReadProcessMemory ou WriteProcessMemory a été effectuée. (0x12B)
[0831/120446.904:WARNING:pe_image_reader.cc(340)] could not read dos header from C:\Windows\SYSTEM32\ntdll.dll
[0831/120446.904:ERROR:process_memory_win.cc(73)] ReadMemory at 0x7fff4f3a0000 of 64 bytes failed: Seule une partie d’une requête ReadProcessMemory ou WriteProcessMemory a été effectuée. (0x12B)
[0831/120446.904:WARNING:pe_image_reader.cc(340)] could not read dos header from C:\Windows\System32\KERNEL32.DLL
[0831/120446.904:ERROR:process_memory_win.cc(73)] ReadMemory at 0x7fff4cd80000 of 64 bytes failed: Seule une partie d’une requête ReadProcessMemory ou WriteProcessMemory a été effectuée. (0x12B)
[0831/120446.904:WARNING:pe_image_reader.cc(340)] could not read dos header from C:\Windows\System32\KERNELBASE.dll
[0831/120446.904:ERROR:process_memory_win.cc(73)] ReadMemory at 0x7fff1afe0000 of 64 bytes failed: Seule une partie d’une requête ReadProcessMemory ou WriteProcessMemory a été effectuée. (0x12B)
[0831/120446.905:WARNING:pe_image_reader.cc(340)] could not read dos header from C:\Program Files (x86)\Google\Chrome\Application\84.0.4147.135\chrome_elf.dll
[0831/120446.905:ERROR:process_memory_win.cc(73)] ReadMemory at 0x7fff454f0000 of 64 bytes failed: Seule une partie d’une requête ReadProcessMemory ou WriteProcessMemory a été effectuée. (0x12B)
[0831/120446.905:WARNING:pe_image_reader.cc(340)] could not read dos header from C:\Windows\SYSTEM32\VERSION.dll
[0831/120446.906:ERROR:process_memory_win.cc(73)] ReadMemory at 0x7fff4ed20000 of 64 bytes failed: Seule une partie d’une requête ReadProcessMemory ou WriteProcessMemory a été effectuée. (0x12B)
[0831/120446.906:WARNING:pe_image_reader.cc(340)] could not read dos header from C:\Windows\System32\msvcrt.dll
[0831/120446.906:ERROR:process_memory_win.cc(73)] ReadMemory at 0x7fff4d2e0000 of 64 bytes failed: Seule une partie d’une requête ReadProcessMemory ou WriteProcessMemory a été effectuée. (0x12B)
[0831/120446.906:WARNING:pe_image_reader.cc(340)] could not read dos header from C:\Windows\System32\bcryptPrimitives.dll
[0831/120446.906:ERROR:process_memory_win.cc(73)] ReadMemory at 0x7fff4f230000 of 64 bytes failed: Seule une partie d’une requête ReadProcessMemory ou WriteProcessMemory a été effectuée. (0x12B)
[0831/120446.906:WARNING:pe_image_reader.cc(340)] could not read dos header from C:\Windows\System32\ADVAPI32.dll
[0831/120446.908:ERROR:process_memory_win.cc(73)] ReadMemory at 0x7fff4ec80000 of 64 bytes failed: Seule une partie d’une requête ReadProcessMemory ou WriteProcessMemory a été effectuée. (0x12B)
[0831/120446.908:WARNING:pe_image_reader.cc(340)] could not read dos header from C:\Windows\System32\sechost.dll
[0831/120446.908:ERROR:process_memory_win.cc(73)] ReadMemory at 0x7fff4e430000 of 64 bytes failed: Seule une partie d’une requête ReadProcessMemory ou WriteProcessMemory a été effectuée. (0x12B)
[0831/120446.908:WARNING:pe_image_reader.cc(340)] could not read dos header from C:\Windows\System32\RPCRT4.dll
[0831/120446.908:ERROR:process_memory_win.cc(73)] ReadMemory at 0x7ffefbb50000 of 64 bytes failed: Seule une partie d’une requête ReadProcessMemory ou WriteProcessMemory a été effectuée. (0x12B)
[0831/120446.908:WARNING:pe_image_reader.cc(340)] could not read dos header from C:\Program Files (x86)\Google\Chrome\Application\84.0.4147.135\chrome.dll
[0831/120446.908:ERROR:process_memory_win.cc(73)] ReadMemory at 0x16486d40000 of 64 bytes failed: Seule une partie d’une requête ReadProcessMemory ou WriteProcessMemory a été effectuée. (0x12B)
[0831/120446.908:WARNING:pe_image_reader.cc(340)] could not read dos header from C:\Windows\System32\WS2_32.dll
[0831/120446.909:ERROR:process_memory_win.cc(73)] ReadMemory at 0x7fff4d6e0000 of 64 bytes failed: Seule une partie d’une requête ReadProcessMemory ou WriteProcessMemory a été effectuée. (0x12B)
[0831/120446.909:WARNING:pe_image_reader.cc(340)] could not read dos header from C:\Windows\System32\OLEAUT32.dll
[0831/120446.909:ERROR:process_memory_win.cc(73)] ReadMemory at 0x7fff4d090000 of 64 bytes failed: Seule une partie d’une requête ReadProcessMemory ou WriteProcessMemory a été effectuée. (0x12B)
[0831/120446.909:WARNING:pe_image_reader.cc(340)] could not read dos header from C:\Windows\System32\msvcp_win.dll
[0831/120446.909:ERROR:process_memory_win.cc(73)] ReadMemory at 0x7fff4d3d0000 of 64 bytes failed: Seule une partie d’une requête ReadProcessMemory ou WriteProcessMemory a été effectuée. (0x12B)
[0831/120446.909:WARNING:pe_image_reader.cc(340)] could not read dos header from C:\Windows\System32\ucrtbase.dll
[0831/120446.909:ERROR:process_memory_win.cc(73)] ReadMemory at 0x7fff4df50000 of 64 bytes failed: Seule une partie d’une requête ReadProcessMemory ou WriteProcessMemory a été effectuée. (0x12B)
[0831/120446.909:WARNING:pe_image_reader.cc(340)] could not read dos header from C:\Windows\System32\combase.dll
[0831/120446.910:ERROR:process_memory_win.cc(73)] ReadMemory at 0x7fff4d030000 of 64 bytes failed: Seule une partie d’une requête ReadProcessMemory ou WriteProcessMemory a été effectuée. (0x12B)
[0831/120446.910:WARNING:pe_image_reader.cc(340)] could not read dos header from C:\Windows\System32\WINTRUST.dll
[0831/120446.910:ERROR:process_memory_win.cc(73)] ReadMemory at 0x7fff4c4f0000 of 64 bytes failed: Seule une partie d’une requête ReadProcessMemory ou WriteProcessMemory a été effectuée. (0x12B)
[0831/120446.910:WARNING:pe_image_reader.cc(340)] could not read dos header from C:\Windows\System32\MSASN1.dll
[0831/120446.910:ERROR:process_memory_win.cc(73)] ReadMemory at 0x7fff4d190000 of 64 bytes failed: Seule une partie d’une requête ReadProcessMemory ou WriteProcessMemory a été effectuée. (0x12B)
[0831/120446.910:WARNING:pe_image_reader.cc(340)] could not read dos header from C:\Windows\System32\CRYPT32.dll
[0831/120446.910:ERROR:process_memory_win.cc(73)] ReadMemory at 0x7fff4b980000 of 64 bytes failed: Seule une partie d’une requête ReadProcessMemory ou WriteProcessMemory a été effectuée. (0x12B)
[0831/120446.910:WARNING:pe_image_reader.cc(340)] could not read dos header from C:\Windows\SYSTEM32\IPHLPAPI.DLL
[0831/120446.910:ERROR:process_memory_win.cc(73)] ReadMemory at 0x7fff49d90000 of 64 bytes failed: Seule une partie d’une requête ReadProcessMemory ou WriteProcessMemory a été effectuée. (0x12B)
[0831/120446.910:WARNING:pe_image_reader.cc(340)] could not read dos header from C:\Windows\SYSTEM32\WINMM.dll
[0831/120446.911:ERROR:process_memory_win.cc(73)] ReadMemory at 0x7fff3e9a0000 of 64 bytes failed: Seule une partie d’une requête ReadProcessMemory ou WriteProcessMemory a été effectuée. (0x12B)
[0831/120446.911:WARNING:pe_image_reader.cc(340)] could not read dos header from C:\Windows\SYSTEM32\Secur32.dll
[0831/120446.911:ERROR:process_memory_win.cc(73)] ReadMemory at 0x7fff4c390000 of 64 bytes failed: Seule une partie d’une requête ReadProcessMemory ou WriteProcessMemory a été effectuée. (0x12B)
[0831/120446.911:WARNING:pe_image_reader.cc(340)] could not read dos header from C:\Windows\SYSTEM32\USERENV.dll
[0831/120446.911:ERROR:process_memory_win.cc(73)] ReadMemory at 0x7fff4c510000 of 64 bytes failed: Seule une partie d’une requête ReadProcessMemory ou WriteProcessMemory a été effectuée. (0x12B)
[0831/120446.911:WARNING:pe_image_reader.cc(340)] could not read dos header from C:\Windows\System32\profapi.dll
[0831/120446.911:ERROR:process_memory_win.cc(73)] ReadMemory at 0x7fff1e240000 of 64 bytes failed: Seule une partie d’une requête ReadProcessMemory ou WriteProcessMemory a été effectuée. (0x12B)
[0831/120446.912:WARNING:pe_image_reader.cc(340)] could not read dos header from C:\Windows\SYSTEM32\UIAutomationCore.DLL
[0831/120446.912:ERROR:process_memory_win.cc(73)] ReadMemory at 0x7fff2ee60000 of 64 bytes failed: Seule une partie d’une requête ReadProcessMemory ou WriteProcessMemory a été effectuée. (0x12B)
[0831/120446.912:WARNING:pe_image_reader.cc(340)] could not read dos header from C:\Windows\SYSTEM32\DWrite.dll
[0831/120446.912:ERROR:process_memory_win.cc(73)] ReadMemory at 0x7fff38c30000 of 64 bytes failed: Seule une partie d’une requête ReadProcessMemory ou WriteProcessMemory a été effectuée. (0x12B)
[0831/120446.912:WARNING:pe_image_reader.cc(340)] could not read dos header from C:\Windows\SYSTEM32\WINSPOOL.DRV
[0831/120446.912:ERROR:process_memory_win.cc(73)] ReadMemory at 0x7fff4c480000 of 64 bytes failed: Seule une partie d’une requête ReadProcessMemory ou WriteProcessMemory a été effectuée. (0x12B)
[0831/120446.912:WARNING:pe_image_reader.cc(340)] could not read dos header from C:\Windows\System32\kernel.appcore.dll
[0831/120446.912:ERROR:process_memory_win.cc(73)] ReadMemory at 0x7fff4d160000 of 64 bytes failed: Seule une partie d’une requête ReadProcessMemory ou WriteProcessMemory a été effectuée. (0x12B)
[0831/120446.912:WARNING:pe_image_reader.cc(340)] could not read dos header from C:\Windows\System32\bcrypt.dll
[0831/120446.913:ERROR:process_memory_win.cc(73)] ReadMemory at 0x7fff3d2b0000 of 64 bytes failed: Seule une partie d’une requête ReadProcessMemory ou WriteProcessMemory a été effectuée. (0x12B)
[0831/120446.913:WARNING:pe_image_reader.cc(340)] could not read dos header from C:\Windows\SYSTEM32\dbghelp.dll
[0831/120446.913:ERROR:process_memory_win.cc(73)] ReadMemory at 0x7fff46680000 of 64 bytes failed: Seule une partie d’une requête ReadProcessMemory ou WriteProcessMemory a été effectuée. (0x12B)
[0831/120446.913:WARNING:pe_image_reader.cc(340)] could not read dos header from C:\Windows\SYSTEM32\WINHTTP.dll
[0831/120446.913:ERROR:process_memory_win.cc(73)] ReadMemory at 0x7fff448a0000 of 64 bytes failed: Seule une partie d’une requête ReadProcessMemory ou WriteProcessMemory a été effectuée. (0x12B)
[0831/120446.913:WARNING:pe_image_reader.cc(340)] could not read dos header from C:\Windows\SYSTEM32\dhcpcsvc.DLL
[0831/120446.913:ERROR:process_memory_win.cc(73)] ReadMemory at 0x7fff4d6d0000 of 64 bytes failed: Seule une partie d’une requête ReadProcessMemory ou WriteProcessMemory a été effectuée. (0x12B)
[0831/120446.913:WARNING:pe_image_reader.cc(340)] could not read dos header from C:\Windows\System32\NSI.dll
[0831/120446.913:ERROR:process_memory_win.cc(73)] ReadMemory at 0x7fff496a0000 of 64 bytes failed: Seule une partie d’une requête ReadProcessMemory ou WriteProcessMemory a été effectuée. (0x12B)
[0831/120446.913:WARNING:pe_image_reader.cc(340)] could not read dos header from C:\Windows\SYSTEM32\WINMMBASE.dll
[0831/120446.913:ERROR:process_memory_win.cc(73)] ReadMemory at 0x7fff4d360000 of 64 bytes failed: Seule une partie d’une requête ReadProcessMemory ou WriteProcessMemory a été effectuée. (0x12B)
[0831/120446.913:WARNING:pe_image_reader.cc(340)] could not read dos header from C:\Windows\System32\cfgmgr32.dll
[0831/120446.914:ERROR:process_memory_win.cc(73)] ReadMemory at 0x7fff493f0000 of 64 bytes failed: Seule une partie d’une requête ReadProcessMemory ou WriteProcessMemory a été effectuée. (0x12B)
[0831/120446.914:WARNING:pe_image_reader.cc(340)] could not read dos header from C:\Windows\SYSTEM32\PROPSYS.dll
[0831/120446.914:ERROR:process_memory_win.cc(73)] ReadMemory at 0x7fff4d7b0000 of 64 bytes failed: Seule une partie d’une requête ReadProcessMemory ou WriteProcessMemory a été effectuée. (0x12B)
[0831/120446.914:WARNING:pe_image_reader.cc(340)] could not read dos header from C:\Windows\System32\shcore.dll
[0831/120446.914:ERROR:process_memory_win.cc(73)] ReadMemory at 0x7fff4c360000 of 64 bytes failed: Seule une partie d’une requête ReadProcessMemory ou WriteProcessMemory a été effectuée. (0x12B)
[0831/120446.914:WARNING:pe_image_reader.cc(340)] could not read dos header from C:\Windows\SYSTEM32\SSPICLI.DLL
[0831/120446.914:ERROR:process_memory_win.cc(73)] ReadMemory at 0x7fff4d860000 of 64 bytes failed: Seule une partie d’une requête ReadProcessMemory ou WriteProcessMemory a été effectuée. (0x12B)
[0831/120446.914:WARNING:pe_image_reader.cc(340)] could not read dos header from C:\Windows\System32\SHELL32.dll
[0831/120446.914:ERROR:process_memory_win.cc(73)] ReadMemory at 0x7fff4c540000 of 64 bytes failed: Seule une partie d’une requête ReadProcessMemory ou WriteProcessMemory a été effectuée. (0x12B)
[0831/120446.914:WARNING:pe_image_reader.cc(340)] could not read dos header from C:\Windows\System32\windows.storage.dll
[0831/120446.914:ERROR:process_memory_win.cc(73)] ReadMemory at 0x7fff4c4a0000 of 64 bytes failed: Seule une partie d’une requête ReadProcessMemory ou WriteProcessMemory a été effectuée. (0x12B)
[0831/120446.914:WARNING:pe_image_reader.cc(340)] could not read dos header from C:\Windows\System32\powrprof.dll
[0831/120446.914:ERROR:process_memory_win.cc(73)] ReadMemory at 0x7fff4c470000 of 64 bytes failed: Seule une partie d’une requête ReadProcessMemory ou WriteProcessMemory a été effectuée. (0x12B)
[0831/120446.914:WARNING:pe_image_reader.cc(340)] could not read dos header from C:\Windows\System32\UMPDC.dll
[0831/120446.915:ERROR:process_memory_win.cc(73)] ReadMemory at 0x7fff4f340000 of 64 bytes failed: Seule une partie d’une requête ReadProcessMemory ou WriteProcessMemory a été effectuée. (0x12B)
[0831/120446.915:WARNING:pe_image_reader.cc(340)] could not read dos header from C:\Windows\System32\shlwapi.dll
[0831/120446.915:ERROR:process_memory_win.cc(73)] ReadMemory at 0x7fff4e710000 of 64 bytes failed: Seule une partie d’une requête ReadProcessMemory ou WriteProcessMemory a été effectuée. (0x12B)
[0831/120446.915:WARNING:pe_image_reader.cc(340)] could not read dos header from C:\Windows\System32\GDI32.dll
[0831/120446.916:ERROR:process_memory_win.cc(73)] ReadMemory at 0x7fff4d130000 of 64 bytes failed: Seule une partie d’une requête ReadProcessMemory ou WriteProcessMemory a été effectuée. (0x12B)
[0831/120446.916:WARNING:pe_image_reader.cc(340)] could not read dos header from C:\Windows\System32\win32u.dll
[0831/120446.916:ERROR:process_memory_win.cc(73)] ReadMemory at 0x7fff4d4d0000 of 64 bytes failed: Seule une partie d’une requête ReadProcessMemory ou WriteProcessMemory a été effectuée. (0x12B)
[0831/120446.916:WARNING:pe_image_reader.cc(340)] could not read dos header from C:\Windows\System32\gdi32full.dll
[0831/120446.916:ERROR:process_memory_win.cc(73)] ReadMemory at 0x7fff4e290000 of 64 bytes failed: Seule une partie d’une requête ReadProcessMemory ou WriteProcessMemory a été effectuée. (0x12B)
[0831/120446.917:WARNING:pe_image_reader.cc(340)] could not read dos header from C:\Windows\System32\USER32.dll
[0831/120446.917:ERROR:process_memory_win.cc(73)] ReadMemory at 0x7fff4d3b0000 of 64 bytes failed: Seule une partie d’une requête ReadProcessMemory ou WriteProcessMemory a été effectuée. (0x12B)
[0831/120446.917:WARNING:pe_image_reader.cc(340)] could not read dos header from C:\Windows\System32\cryptsp.dll
[0831/120446.917:ERROR:process_memory_win.cc(73)] ReadMemory at 0x7fff4d690000 of 64 bytes failed: Seule une partie d’une requête ReadProcessMemory ou WriteProcessMemory a été effectuée. (0x12B)
[0831/120446.917:WARNING:pe_image_reader.cc(340)] could not read dos header from C:\Windows\System32\IMM32.DLL
[0831/120446.917:ERROR:process_memory_win.cc(73)] ReadMemory at 0x7fff4be40000 of 64 bytes failed: Seule une partie d’une requête ReadProcessMemory ou WriteProcessMemory a été effectuée. (0x12B)
[0831/120446.917:WARNING:pe_image_reader.cc(340)] could not read dos header from C:\Windows\SYSTEM32\CRYPTBASE.DLL
[0831/120446.948:ERROR:process_memory_win.cc(73)] ReadMemory at 0x5b9fdf2000 of 57344 bytes failed: Seule une partie d’une requête ReadProcessMemory ou WriteProcessMemory a été effectuée. (0x12B)
[0831/120446.949:ERROR:process_memory_win.cc(73)] ReadMemory at 0x5ba05fd000 of 12288 bytes failed: Seule une partie d’une requête ReadProcessMemory ou WriteProcessMemory a été effectuée. (0x12B)
[0831/120446.949:ERROR:process_memory_win.cc(73)] ReadMemory at 0x5ba0df9000 of 28672 bytes failed: Seule une partie d’une requête ReadProcessMemory ou WriteProcessMemory a été effectuée. (0x12B)
[0831/120446.949:ERROR:process_memory_win.cc(73)] ReadMemory at 0x5ba15fc000 of 16384 bytes failed: Seule une partie d’une requête ReadProcessMemory ou WriteProcessMemory a été effectuée. (0x12B)
[0831/120446.950:ERROR:process_memory_win.cc(73)] ReadMemory at 0x5ba1dfc000 of 16384 bytes failed: Seule une partie d’une requête ReadProcessMemory ou WriteProcessMemory a été effectuée. (0x12B)
[0831/120446.950:ERROR:process_memory_win.cc(73)] ReadMemory at 0x5ba25fe000 of 8192 bytes failed: Seule une partie d’une requête ReadProcessMemory ou WriteProcessMemory a été effectuée. (0x12B)
[0831/120446.950:ERROR:process_memory_win.cc(73)] ReadMemory at 0x5ba2dfd000 of 12288 bytes failed: Seule une partie d’une requête ReadProcessMemory ou WriteProcessMemory a été effectuée. (0x12B)
[0831/120446.950:ERROR:process_memory_win.cc(73)] ReadMemory at 0x5ba35fb000 of 20480 bytes failed: Seule une partie d’une requête ReadProcessMemory ou WriteProcessMemory a été effectuée. (0x12B)
[0831/120446.952:ERROR:process_memory_win.cc(73)] ReadMemory at 0x5ba45fd000 of 12288 bytes failed: Seule une partie d’une requête ReadProcessMemory ou WriteProcessMemory a été effectuée. (0x12B)
[0831/120446.952:ERROR:process_memory_win.cc(73)] ReadMemory at 0x5ba4dfd000 of 12288 bytes failed: Seule une partie d’une requête ReadProcessMemory ou WriteProcessMemory a été effectuée. (0x12B)
[0831/120446.952:ERROR:process_memory_win.cc(73)] ReadMemory at 0x5ba55fd000 of 12288 bytes failed: Seule une partie d’une requête ReadProcessMemory ou WriteProcessMemory a été effectuée. (0x12B)
[0831/120446.952:ERROR:process_memory_win.cc(73)] ReadMemory at 0x5ba5dfd000 of 12288 bytes failed: Seule une partie d’une requête ReadProcessMemory ou WriteProcessMemory a été effectuée. (0x12B)
[0831/120446.953:ERROR:process_memory_win.cc(73)] ReadMemory at 0x5ba65fd000 of 12288 bytes failed: Seule une partie d’une requête ReadProcessMemory ou WriteProcessMemory a été effectuée. (0x12B)
[0831/120446.953:ERROR:process_memory_win.cc(73)] ReadMemory at 0x5ba6dfd000 of 12288 bytes failed: Seule une partie d’une requête ReadProcessMemory ou WriteProcessMemory a été effectuée. (0x12B)
[0831/120446.953:ERROR:process_memory_win.cc(73)] ReadMemory at 0x5ba3df9000 of 28672 bytes failed: Seule une partie d’une requête ReadProcessMemory ou WriteProcessMemory a été effectuée. (0x12B)
[0831/120446.954:ERROR:process_memory_win.cc(73)] ReadMemory at 0x5ba75fd000 of 12288 bytes failed: Seule une partie d’une requête ReadProcessMemory ou WriteProcessMemory a été effectuée. (0x12B)
[0831/120446.954:ERROR:process_memory_win.cc(73)] ReadMemory at 0x5ba7dfd000 of 12288 bytes failed: Seule une partie d’une requête ReadProcessMemory ou WriteProcessMemory a été effectuée. (0x12B)
[0831/120446.955:ERROR:process_memory_win.cc(73)] ReadMemory at 0x5b9f48f000 of 852 bytes failed: Seule une partie d’une requête ReadProcessMemory ou WriteProcessMemory a été effectuée. (0x12B)
[0831/120446.955:ERROR:process_memory_win.cc(73)] ReadMemory at 0x5b9f490000 of 6024 bytes failed: Seule une partie d’une requête ReadProcessMemory ou WriteProcessMemory a été effectuée. (0x12B)
[0831/120446.956:ERROR:process_memory_win.cc(73)] ReadMemory at 0x5b9f492000 of 6024 bytes failed: Seule une partie d’une requête ReadProcessMemory ou WriteProcessMemory a été effectuée. (0x12B)
[0831/120446.956:ERROR:process_memory_win.cc(73)] ReadMemory at 0x5b9f494000 of 6024 bytes failed: Seule une partie d’une requête ReadProcessMemory ou WriteProcessMemory a été effectuée. (0x12B)
[0831/120446.957:ERROR:process_memory_win.cc(73)] ReadMemory at 0x5b9f496000 of 6024 bytes failed: Seule une partie d’une requête ReadProcessMemory ou WriteProcessMemory a été effectuée. (0x12B)
[0831/120446.957:ERROR:process_memory_win.cc(73)] ReadMemory at 0x5b9f498000 of 6024 bytes failed: Seule une partie d’une requête ReadProcessMemory ou WriteProcessMemory a été effectuée. (0x12B)
[0831/120446.957:ERROR:process_memory_win.cc(73)] ReadMemory at 0x5b9f49a000 of 6024 bytes failed: Seule une partie d’une requête ReadProcessMemory ou WriteProcessMemory a été effectuée. (0x12B)
[0831/120446.957:ERROR:process_memory_win.cc(73)] ReadMemory at 0x5b9f49c000 of 6024 bytes failed: Seule une partie d’une requête ReadProcessMemory ou WriteProcessMemory a été effectuée. (0x12B)
[0831/120446.957:ERROR:process_memory_win.cc(73)] ReadMemory at 0x5b9f49e000 of 6024 bytes failed: Seule une partie d’une requête ReadProcessMemory ou WriteProcessMemory a été effectuée. (0x12B)
[0831/120446.957:ERROR:process_memory_win.cc(73)] ReadMemory at 0x5b9f4a2000 of 6024 bytes failed: Seule une partie d’une requête ReadProcessMemory ou WriteProcessMemory a été effectuée. (0x12B)
[0831/120446.958:ERROR:process_memory_win.cc(73)] ReadMemory at 0x5b9f4a4000 of 6024 bytes failed: Seule une partie d’une requête ReadProcessMemory ou WriteProcessMemory a été effectuée. (0x12B)
[0831/120446.958:ERROR:process_memory_win.cc(73)] ReadMemory at 0x5b9f4a6000 of 6024 bytes failed: Seule une partie d’une requête ReadProcessMemory ou WriteProcessMemory a été effectuée. (0x12B)
[0831/120446.959:ERROR:process_memory_win.cc(73)] ReadMemory at 0x5b9f4a8000 of 6024 bytes failed: Seule une partie d’une requête ReadProcessMemory ou WriteProcessMemory a été effectuée. (0x12B)
[0831/120446.959:ERROR:process_memory_win.cc(73)] ReadMemory at 0x5b9f4aa000 of 6024 bytes failed: Seule une partie d’une requête ReadProcessMemory ou WriteProcessMemory a été effectuée. (0x12B)
[0831/120446.959:ERROR:process_memory_win.cc(73)] ReadMemory at 0x5b9f4ac000 of 6024 bytes failed: Seule une partie d’une requête ReadProcessMemory ou WriteProcessMemory a été effectuée. (0x12B)
[0831/120446.959:ERROR:process_memory_win.cc(73)] ReadMemory at 0x5b9f4ae000 of 6024 bytes failed: Seule une partie d’une requête ReadProcessMemory ou WriteProcessMemory a été effectuée. (0x12B)
[0831/120446.959:ERROR:process_memory_win.cc(73)] ReadMemory at 0x5b9f4b0000 of 6024 bytes failed: Seule une partie d’une requête ReadProcessMemory ou WriteProcessMemory a été effectuée. (0x12B)
[0831/120446.959:ERROR:process_memory_win.cc(73)] ReadMemory at 0x5b9f4b2000 of 6024 bytes failed: Seule une partie d’une requête ReadProcessMemory ou WriteProcessMemory a été effectuée. (0x12B)
[0831/120446.960:ERROR:process_memory_win.cc(73)] ReadMemory at 0x16486b60fe0 of 9500 bytes failed: Seule une partie d’une requête ReadProcessMemory ou WriteProcessMemory a été effectuée. (0x12B)
[0831/120446.960:ERROR:process_memory_win.cc(73)] ReadMemory at 0x16486b63510 of 1012 bytes failed: Seule une partie d’une requête ReadProcessMemory ou WriteProcessMemory a été effectuée. (0x12B)
[0831/120446.960:ERROR:process_memory_win.cc(73)] ReadMemory at 0x16486b63b58 of 118 bytes failed: Seule une partie d’une requête ReadProcessMemory ou WriteProcessMemory a été effectuée. (0x12B)
[0831/120446.960:ERROR:process_memory_win.cc(73)] ReadMemory at 0x16486b63bd0 of 1180 bytes failed: Seule une partie d’une requête ReadProcessMemory ou WriteProcessMemory a été effectuée. (0x12B)
[0831/120446.960:ERROR:process_memory_win.cc(73)] ReadMemory at 0x16486b6406e of 118 bytes failed: Seule une partie d’une requête ReadProcessMemory ou WriteProcessMemory a été effectuée. (0x12B)
[0831/120446.960:ERROR:process_memory_win.cc(73)] ReadMemory at 0x16486b640e6 of 102 bytes failed: Seule une partie d’une requête ReadProcessMemory ou WriteProcessMemory a été effectuée. (0x12B)
[0831/120446.960:ERROR:process_memory_win.cc(73)] ReadMemory at 0x16486b64160 of 58 bytes failed: Seule une partie d’une requête ReadProcessMemory ou WriteProcessMemory a été effectuée. (0x12B)
[0831/120446.960:ERROR:process_memory_win.cc(73)] ReadMemory at 0x16486b64260 of 132 bytes failed: Seule une partie d’une requête ReadProcessMemory ou WriteProcessMemory a été effectuée. (0x12B)
[0831/120446.961:ERROR:process_memory_win.cc(73)] ReadMemory at 0x16486b643f0 of 132 bytes failed: Seule une partie d’une requête ReadProcessMemory ou WriteProcessMemory a été effectuée. (0x12B)
[0831/120446.961:ERROR:process_memory_win.cc(73)] ReadMemory at 0x16486b645b0 of 126 bytes failed: Seule une partie d’une requête ReadProcessMemory ou WriteProcessMemory a été effectuée. (0x12B)
[0831/120446.961:ERROR:process_memory_win.cc(73)] ReadMemory at 0x16486b64990 of 132 bytes failed: Seule une partie d’une requête ReadProcessMemory ou WriteProcessMemory a été effectuée. (0x12B)
[0831/120446.961:ERROR:process_memory_win.cc(73)] ReadMemory at 0x16486b64b20 of 64 bytes failed: Seule une partie d’une requête ReadProcessMemory ou WriteProcessMemory a été effectuée. (0x12B)
[0831/120446.961:ERROR:process_memory_win.cc(73)] ReadMemory at 0x16486b64ce0 of 132 bytes failed: Seule une partie d’une requête ReadProcessMemory ou WriteProcessMemory a été effectuée. (0x12B)
[0831/120446.961:ERROR:process_memory_win.cc(73)] ReadMemory at 0x16486b64f80 of 132 bytes failed: Seule une partie d’une requête ReadProcessMemory ou WriteProcessMemory a été effectuée. (0x12B)
[0831/120446.961:ERROR:process_memory_win.cc(73)] ReadMemory at 0x16486b65110 of 68 bytes failed: Seule une partie d’une requête ReadProcessMemory ou WriteProcessMemory a été effectuée. (0x12B)
[0831/120446.961:ERROR:process_memory_win.cc(73)] ReadMemory at 0x16486b662b0 of 132 bytes failed: Seule une partie d’une requête ReadProcessMemory ou WriteProcessMemory a été effectuée. (0x12B)
[0831/120446.961:ERROR:process_memory_win.cc(73)] ReadMemory at 0x16486b66440 of 154 bytes failed: Seule une partie d’une requête ReadProcessMemory ou WriteProcessMemory a été effectuée. (0x12B)
[0831/120446.962:ERROR:process_memory_win.cc(73)] ReadMemory at 0x16486b67230 of 62 bytes failed: Seule une partie d’une requête ReadProcessMemory ou WriteProcessMemory a été effectuée. (0x12B)
[0831/120446.962:ERROR:process_memory_win.cc(73)] ReadMemory at 0x16486b67420 of 132 bytes failed: Seule une partie d’une requête ReadProcessMemory ou WriteProcessMemory a été effectuée. (0x12B)
[0831/120446.962:ERROR:process_memory_win.cc(73)] ReadMemory at 0x16486b67550 of 60 bytes failed: Seule une partie d’une requête ReadProcessMemory ou WriteProcessMemory a été effectuée. (0x12B)
[0831/120446.962:ERROR:process_memory_win.cc(73)] ReadMemory at 0x16486b6f0c0 of 62 bytes failed: Seule une partie d’une requête ReadProcessMemory ou WriteProcessMemory a été effectuée. (0x12B)
[0831/120446.962:ERROR:process_memory_win.cc(73)] ReadMemory at 0x16486b6f3e0 of 60 bytes failed: Seule une partie d’une requête ReadProcessMemory ou WriteProcessMemory a été effectuée. (0x12B)
[0831/120446.962:ERROR:process_memory_win.cc(73)] ReadMemory at 0x16486b70f40 of 80 bytes failed: Seule une partie d’une requête ReadProcessMemory ou WriteProcessMemory a été effectuée. (0x12B)
[0831/120446.962:ERROR:process_memory_win.cc(73)] ReadMemory at 0x16486b76eb0 of 132 bytes failed: Seule une partie d’une requête ReadProcessMemory ou WriteProcessMemory a été effectuée. (0x12B)
[0831/120446.962:ERROR:process_memory_win.cc(73)] ReadMemory at 0x16486b77590 of 132 bytes failed: Seule une partie d’une requête ReadProcessMemory ou WriteProcessMemory a été effectuée. (0x12B)
[0831/120446.963:ERROR:process_memory_win.cc(73)] ReadMemory at 0x16486b776c0 of 146 bytes failed: Seule une partie d’une requête ReadProcessMemory ou WriteProcessMemory a été effectuée. (0x12B)
[0831/120446.963:ERROR:process_memory_win.cc(73)] ReadMemory at 0x16486b77a40 of 132 bytes failed: Seule une partie d’une requête ReadProcessMemory ou WriteProcessMemory a été effectuée. (0x12B)
[0831/120446.963:ERROR:process_memory_win.cc(73)] ReadMemory at 0x16486b77b70 of 132 bytes failed: Seule une partie d’une requête ReadProcessMemory ou WriteProcessMemory a été effectuée. (0x12B)
[0831/120446.963:ERROR:process_memory_win.cc(73)] ReadMemory at 0x16486b77d20 of 132 bytes failed: Seule une partie d’une requête ReadProcessMemory ou WriteProcessMemory a été effectuée. (0x12B)
[0831/120446.963:ERROR:process_memory_win.cc(73)] ReadMemory at 0x16486b77ea0 of 132 bytes failed: Seule une partie d’une requête ReadProcessMemory ou WriteProcessMemory a été effectuée. (0x12B)
[0831/120446.963:ERROR:process_memory_win.cc(73)] ReadMemory at 0x16486b77fd0 of 132 bytes failed: Seule une partie d’une requête ReadProcessMemory ou WriteProcessMemory a été effectuée. (0x12B)
[0831/120446.963:ERROR:process_memory_win.cc(73)] ReadMemory at 0x16486b78100 of 132 bytes failed: Seule une partie d’une requête ReadProcessMemory ou WriteProcessMemory a été effectuée. (0x12B)
[0831/120446.963:ERROR:process_memory_win.cc(73)] ReadMemory at 0x16486b78230 of 132 bytes failed: Seule une partie d’une requête ReadProcessMemory ou WriteProcessMemory a été effectuée. (0x12B)
[0831/120446.963:ERROR:process_memory_win.cc(73)] ReadMemory at 0x16486b78360 of 132 bytes failed: Seule une partie d’une requête ReadProcessMemory ou WriteProcessMemory a été effectuée. (0x12B)
[0831/120446.964:ERROR:process_memory_win.cc(73)] ReadMemory at 0x16486b78490 of 132 bytes failed: Seule une partie d’une requête ReadProcessMemory ou WriteProcessMemory a été effectuée. (0x12B)
[0831/120446.964:ERROR:process_memory_win.cc(73)] ReadMemory at 0x16486b785c0 of 132 bytes failed: Seule une partie d’une requête ReadProcessMemory ou WriteProcessMemory a été effectuée. (0x12B)
[0831/120446.964:ERROR:process_memory_win.cc(73)] ReadMemory at 0x16486b78820 of 132 bytes failed: Seule une partie d’une requête ReadProcessMemory ou WriteProcessMemory a été effectuée. (0x12B)
[0831/120446.964:ERROR:process_memory_win.cc(73)] ReadMemory at 0x16486b78950 of 132 bytes failed: Seule une partie d’une requête ReadProcessMemory ou WriteProcessMemory a été effectuée. (0x12B)
[0831/120446.964:ERROR:process_memory_win.cc(73)] ReadMemory at 0x16486b78a80 of 132 bytes failed: Seule une partie d’une requête ReadProcessMemory ou WriteProcessMemory a été effectuée. (0x12B)
[0831/120446.964:ERROR:process_memory_win.cc(73)] ReadMemory at 0x16486b78bb0 of 132 bytes failed: Seule une partie d’une requête ReadProcessMemory ou WriteProcessMemory a été effectuée. (0x12B)
[0831/120446.964:ERROR:process_memory_win.cc(73)] ReadMemory at 0x16486b78ce0 of 132 bytes failed: Seule une partie d’une requête ReadProcessMemory ou WriteProcessMemory a été effectuée. (0x12B)
[0831/120446.964:ERROR:process_memory_win.cc(73)] ReadMemory at 0x16486b7ad30 of 64 bytes failed: Seule une partie d’une requête ReadProcessMemory ou WriteProcessMemory a été effectuée. (0x12B)
[0831/120446.965:ERROR:process_memory_win.cc(73)] ReadMemory at 0x16486b7add0 of 62 bytes failed: Seule une partie d’une requête ReadProcessMemory ou WriteProcessMemory a été effectuée. (0x12B)
[0831/120446.965:ERROR:process_memory_win.cc(73)] ReadMemory at 0x16486b7ae70 of 58 bytes failed: Seule une partie d’une requête ReadProcessMemory ou WriteProcessMemory a été effectuée. (0x12B)
[0831/120446.965:ERROR:process_memory_win.cc(73)] ReadMemory at 0x16486b7aec0 of 60 bytes failed: Seule une partie d’une requête ReadProcessMemory ou WriteProcessMemory a été effectuée. (0x12B)
[0831/120446.965:ERROR:process_memory_win.cc(73)] ReadMemory at 0x16486b7af10 of 60 bytes failed: Seule une partie d’une requête ReadProcessMemory ou WriteProcessMemory a été effectuée. (0x12B)
[0831/120446.965:ERROR:process_memory_win.cc(73)] ReadMemory at 0x16486b7af60 of 60 bytes failed: Seule une partie d’une requête ReadProcessMemory ou WriteProcessMemory a été effectuée. (0x12B)
[0831/120446.965:ERROR:process_memory_win.cc(73)] ReadMemory at 0x16486b7afb0 of 64 bytes failed: Seule une partie d’une requête ReadProcessMemory ou WriteProcessMemory a été effectuée. (0x12B)
[0831/120446.965:ERROR:process_memory_win.cc(73)] ReadMemory at 0x16486b7b000 of 62 bytes failed: Seule une partie d’une requête ReadProcessMemory ou WriteProcessMemory a été effectuée. (0x12B)
[0831/120446.965:ERROR:process_memory_win.cc(73)] ReadMemory at 0x16486b7b050 of 60 bytes failed: Seule une partie d’une requête ReadProcessMemory ou WriteProcessMemory a été effectuée. (0x12B)
[0831/120446.965:ERROR:process_memory_win.cc(73)] ReadMemory at 0x16486b7b0a0 of 64 bytes failed: Seule une partie d’une requête ReadProcessMemory ou WriteProcessMemory a été effectuée. (0x12B)
[0831/120446.966:ERROR:process_memory_win.cc(73)] ReadMemory at 0x16486b7b140 of 64 bytes failed: Seule une partie d’une requête ReadProcessMemory ou WriteProcessMemory a été effectuée. (0x12B)
[0831/120446.966:ERROR:process_memory_win.cc(73)] ReadMemory at 0x16486b7b1e0 of 62 bytes failed: Seule une partie d’une requête ReadProcessMemory ou WriteProcessMemory a été effectuée. (0x12B)
[0831/120446.966:ERROR:process_memory_win.cc(73)] ReadMemory at 0x16486b7b230 of 66 bytes failed: Seule une partie d’une requête ReadProcessMemory ou WriteProcessMemory a été effectuée. (0x12B)
[0831/120446.966:ERROR:process_memory_win.cc(73)] ReadMemory at 0x16486b7b2d0 of 64 bytes failed: Seule une partie d’une requête ReadProcessMemory ou WriteProcessMemory a été effectuée. (0x12B)
[0831/120446.966:ERROR:process_memory_win.cc(73)] ReadMemory at 0x16486b7b4b0 of 62 bytes failed: Seule une partie d’une requête ReadProcessMemory ou WriteProcessMemory a été effectuée. (0x12B)
[0831/120446.966:ERROR:process_memory_win.cc(73)] ReadMemory at 0x16486b7b5f0 of 66 bytes failed: Seule une partie d’une requête ReadProcessMemory ou WriteProcessMemory a été effectuée. (0x12B)
[0831/120446.966:ERROR:process_memory_win.cc(73)] ReadMemory at 0x16486b7b640 of 62 bytes failed: Seule une partie d’une requête ReadProcessMemory ou WriteProcessMemory a été effectuée. (0x12B)
[0831/120446.966:ERROR:process_memory_win.cc(73)] ReadMemory at 0x16486b7b690 of 64 bytes failed: Seule une partie d’une requête ReadProcessMemory ou WriteProcessMemory a été effectuée. (0x12B)
[0831/120446.967:ERROR:process_memory_win.cc(73)] ReadMemory at 0x16486b7b730 of 62 bytes failed: Seule une partie d’une requête ReadProcessMemory ou WriteProcessMemory a été effectuée. (0x12B)
[0831/120446.967:ERROR:process_memory_win.cc(73)] ReadMemory at 0x16486b7b780 of 60 bytes failed: Seule une partie d’une requête ReadProcessMemory ou WriteProcessMemory a été effectuée. (0x12B)
[0831/120446.967:ERROR:process_memory_win.cc(73)] ReadMemory at 0x16486b7b820 of 62 bytes failed: Seule une partie d’une requête ReadProcessMemory ou WriteProcessMemory a été effectuée. (0x12B)
[0831/120446.967:ERROR:process_memory_win.cc(73)] ReadMemory at 0x16486b7b870 of 64 bytes failed: Seule une partie d’une requête ReadProcessMemory ou WriteProcessMemory a été effectuée. (0x12B)
[0831/120446.967:ERROR:process_memory_win.cc(73)] ReadMemory at 0x16486b7b910 of 62 bytes failed: Seule une partie d’une requête ReadProcessMemory ou WriteProcessMemory a été effectuée. (0x12B)
[0831/120446.967:ERROR:process_memory_win.cc(73)] ReadMemory at 0x16486b7baa0 of 64 bytes failed: Seule une partie d’une requête ReadProcessMemory ou WriteProcessMemory a été effectuée. (0x12B)
[0831/120446.967:ERROR:process_memory_win.cc(73)] ReadMemory at 0x16486b7bc30 of 62 bytes failed: Seule une partie d’une requête ReadProcessMemory ou WriteProcessMemory a été effectuée. (0x12B)
[0831/120446.967:ERROR:process_memory_win.cc(73)] ReadMemory at 0x16486b7bde0 of 132 bytes failed: Seule une partie d’une requête ReadProcessMemory ou WriteProcessMemory a été effectuée. (0x12B)
[0831/120446.967:ERROR:process_memory_win.cc(73)] ReadMemory at 0x16486b7c140 of 132 bytes failed: Seule une partie d’une requête ReadProcessMemory ou WriteProcessMemory a été effectuée. (0x12B)
[0831/120446.967:ERROR:process_memory_win.cc(73)] ReadMemory at 0x16486b7c350 of 132 bytes failed: Seule une partie d’une requête ReadProcessMemory ou WriteProcessMemory a été effectuée. (0x12B)
[0831/120446.967:ERROR:process_memory_win.cc(73)] ReadMemory at 0x16486b7da80 of 54 bytes failed: Seule une partie d’une requête ReadProcessMemory ou WriteProcessMemory a été effectuée. (0x12B)
[0831/120446.967:ERROR:process_memory_win.cc(73)] ReadMemory at 0x16486b7f970 of 132 bytes failed: Seule une partie d’une requête ReadProcessMemory ou WriteProcessMemory a été effectuée. (0x12B)
[0831/120446.967:ERROR:process_memory_win.cc(73)] ReadMemory at 0x16486b7fb80 of 132 bytes failed: Seule une partie d’une requête ReadProcessMemory ou WriteProcessMemory a été effectuée. (0x12B)
[0831/120446.967:ERROR:process_memory_win.cc(73)] ReadMemory at 0x16486b85a80 of 76 bytes failed: Seule une partie d’une requête ReadProcessMemory ou WriteProcessMemory a été effectuée. (0x12B)
[0831/120446.967:ERROR:process_memory_win.cc(73)] ReadMemory at 0x16486b85b40 of 80 bytes failed: Seule une partie d’une requête ReadProcessMemory ou WriteProcessMemory a été effectuée. (0x12B)
[0831/120446.967:ERROR:process_memory_win.cc(73)] ReadMemory at 0x16486b86010 of 132 bytes failed: Seule une partie d’une requête ReadProcessMemory ou WriteProcessMemory a été effectuée. (0x12B)
[0831/120446.967:ERROR:process_memory_win.cc(73)] ReadMemory at 0x16486b86140 of 132 bytes failed: Seule une partie d’une requête ReadProcessMemory ou WriteProcessMemory a été effectuée. (0x12B)
[0831/120446.967:ERROR:process_memory_win.cc(73)] ReadMemory at 0x16486b863a0 of 132 bytes failed: Seule une partie d’une requête ReadProcessMemory ou WriteProcessMemory a été effectuée. (0x12B)
[0831/120446.969:ERROR:process_memory_win.cc(73)] ReadMemory at 0x16486b864d0 of 132 bytes failed: Seule une partie d’une requête ReadProcessMemory ou WriteProcessMemory a été effectuée. (0x12B)
[0831/120446.969:ERROR:process_memory_win.cc(73)] ReadMemory at 0x16486b86600 of 132 bytes failed: Seule une partie d’une requête ReadProcessMemory ou WriteProcessMemory a été effectuée. (0x12B)
[0831/120446.969:ERROR:process_memory_win.cc(73)] ReadMemory at 0x16486b86730 of 132 bytes failed: Seule une partie d’une requête ReadProcessMemory ou WriteProcessMemory a été effectuée. (0x12B)
[0831/120446.969:ERROR:process_memory_win.cc(73)] ReadMemory at 0x16486b86860 of 132 bytes failed: Seule une partie d’une requête ReadProcessMemory ou WriteProcessMemory a été effectuée. (0x12B)
[0831/120446.969:ERROR:process_memory_win.cc(73)] ReadMemory at 0x16486b86990 of 132 bytes failed: Seule une partie d’une requête ReadProcessMemory ou WriteProcessMemory a été effectuée. (0x12B)
[0831/120446.970:ERROR:process_memory_win.cc(73)] ReadMemory at 0x16486b86bf0 of 132 bytes failed: Seule une partie d’une requête ReadProcessMemory ou WriteProcessMemory a été effectuée. (0x12B)
[0831/120446.970:ERROR:process_memory_win.cc(73)] ReadMemory at 0x16486b86d20 of 132 bytes failed: Seule une partie d’une requête ReadProcessMemory ou WriteProcessMemory a été effectuée. (0x12B)
[0831/120446.970:ERROR:process_memory_win.cc(73)] ReadMemory at 0x16486b871e0 of 132 bytes failed: Seule une partie d’une requête ReadProcessMemory ou WriteProcessMemory a été effectuée. (0x12B)
[0831/120446.970:ERROR:process_memory_win.cc(73)] ReadMemory at 0x16486b87310 of 132 bytes failed: Seule une partie d’une requête ReadProcessMemory ou WriteProcessMemory a été effectuée. (0x12B)
[0831/120446.971:ERROR:process_memory_win.cc(73)] ReadMemory at 0x16486b87440 of 132 bytes failed: Seule une partie d’une requête ReadProcessMemory ou WriteProcessMemory a été effectuée. (0x12B)
[0831/120446.971:ERROR:process_memory_win.cc(73)] ReadMemory at 0x16486b87570 of 132 bytes failed: Seule une partie d’une requête ReadProcessMemory ou WriteProcessMemory a été effectuée. (0x12B)
[0831/120446.971:ERROR:process_memory_win.cc(73)] ReadMemory at 0x16486b876a0 of 132 bytes failed: Seule une partie d’une requête ReadProcessMemory ou WriteProcessMemory a été effectuée. (0x12B)
[0831/120446.971:ERROR:process_memory_win.cc(73)] ReadMemory at 0x16486b877d0 of 132 bytes failed: Seule une partie d’une requête ReadProcessMemory ou WriteProcessMemory a été effectuée. (0x12B)
[0831/120446.971:ERROR:process_memory_win.cc(73)] ReadMemory at 0x16486b87900 of 132 bytes failed: Seule une partie d’une requête ReadProcessMemory ou WriteProcessMemory a été effectuée. (0x12B)
[0831/120446.971:ERROR:process_memory_win.cc(73)] ReadMemory at 0x16486b87a30 of 132 bytes failed: Seule une partie d’une requête ReadProcessMemory ou WriteProcessMemory a été effectuée. (0x12B)
[0831/120446.972:ERROR:process_memory_win.cc(73)] ReadMemory at 0x16486b87b60 of 132 bytes failed: Seule une partie d’une requête ReadProcessMemory ou WriteProcessMemory a été effectuée. (0x12B)
[0831/120446.972:ERROR:process_memory_win.cc(73)] ReadMemory at 0x16486b87c90 of 132 bytes failed: Seule une partie d’une requête ReadProcessMemory ou WriteProcessMemory a été effectuée. (0x12B)
[0831/120446.972:ERROR:process_memory_win.cc(73)] ReadMemory at 0x16486b87dc0 of 132 bytes failed: Seule une partie d’une requête ReadProcessMemory ou WriteProcessMemory a été effectuée. (0x12B)
[0831/120446.972:ERROR:process_memory_win.cc(73)] ReadMemory at 0x16486ba0b30 of 78 bytes failed: Seule une partie d’une requête ReadProcessMemory ou WriteProcessMemory a été effectuée. (0x12B)
[0831/120446.972:ERROR:process_memory_win.cc(73)] ReadMemory at 0x16486bacf60 of 58 bytes failed: Seule une partie d’une requête ReadProcessMemory ou WriteProcessMemory a été effectuée. (0x12B)
[0831/120446.972:ERROR:process_memory_win.cc(73)] ReadMemory at 0x16486bad000 of 64 bytes failed: Seule une partie d’une requête ReadProcessMemory ou WriteProcessMemory a été effectuée. (0x12B)
[0831/120446.972:ERROR:process_memory_win.cc(73)] ReadMemory at 0x16486bad0a0 of 66 bytes failed: Seule une partie d’une requête ReadProcessMemory ou WriteProcessMemory a été effectuée. (0x12B)
[0831/120446.972:ERROR:process_memory_win.cc(73)] ReadMemory at 0x16486bad140 of 62 bytes failed: Seule une partie d’une requête ReadProcessMemory ou WriteProcessMemory a été effectuée. (0x12B)
[0831/120446.973:ERROR:process_memory_win.cc(73)] ReadMemory at 0x16486bad230 of 60 bytes failed: Seule une partie d’une requête ReadProcessMemory ou WriteProcessMemory a été effectuée. (0x12B)
[0831/120446.973:ERROR:process_memory_win.cc(73)] ReadMemory at 0x16486bad4b0 of 62 bytes failed: Seule une partie d’une requête ReadProcessMemory ou WriteProcessMemory a été effectuée. (0x12B)
[0831/120446.973:ERROR:process_memory_win.cc(73)] ReadMemory at 0x16486bad640 of 58 bytes failed: Seule une partie d’une requête ReadProcessMemory ou WriteProcessMemory a été effectuée. (0x12B)
[0831/120446.973:ERROR:process_memory_win.cc(73)] ReadMemory at 0x16486bad870 of 62 bytes failed: Seule une partie d’une requête ReadProcessMemory ou WriteProcessMemory a été effectuée. (0x12B)
[0831/120446.973:ERROR:process_memory_win.cc(73)] ReadMemory at 0x16486bad8c0 of 58 bytes failed: Seule une partie d’une requête ReadProcessMemory ou WriteProcessMemory a été effectuée. (0x12B)
[0831/120446.973:ERROR:process_memory_win.cc(73)] ReadMemory at 0x16486bada50 of 60 bytes failed: Seule une partie d’une requête ReadProcessMemory ou WriteProcessMemory a été effectuée. (0x12B)
[0831/120446.973:ERROR:process_memory_win.cc(73)] ReadMemory at 0x16486bedaa0 of 512 bytes failed: Seule une partie d’une requête ReadProcessMemory ou WriteProcessMemory a été effectuée. (0x12B)
[0831/120446.974:ERROR:process_memory_win.cc(73)] ReadMemory at 0x16486c04af8 of 512 bytes failed: Seule une partie d’une requête ReadProcessMemory ou WriteProcessMemory a été effectuée. (0x12B)
[0831/120446.974:ERROR:process_memory_win.cc(73)] ReadMemory at 0x16486c08590 of 512 bytes failed: Seule une partie d’une requête ReadProcessMemory ou WriteProcessMemory a été effectuée. (0x12B)
[0831/120446.974:ERROR:process_memory_win.cc(73)] ReadMemory at 0x16486c09a90 of 512 bytes failed: Seule une partie d’une requête ReadProcessMemory ou WriteProcessMemory a été effectuée. (0x12B)
[0831/120446.974:ERROR:process_memory_win.cc(73)] ReadMemory at 0x16486c12bd0 of 712 bytes failed: Seule une partie d’une requête ReadProcessMemory ou WriteProcessMemory a été effectuée. (0x12B)
[0831/120446.974:ERROR:process_memory_win.cc(73)] ReadMemory at 0x16486c3f400 of 512 bytes failed: Seule une partie d’une requête ReadProcessMemory ou WriteProcessMemory a été effectuée. (0x12B)
[0831/120446.974:ERROR:process_memory_win.cc(73)] ReadMemory at 0x16486cd0c40 of 512 bytes failed: Seule une partie d’une requête ReadProcessMemory ou WriteProcessMemory a été effectuée. (0x12B)
[0831/120446.975:ERROR:process_memory_win.cc(73)] ReadMemory at 0x16486cd1240 of 512 bytes failed: Seule une partie d’une requête ReadProcessMemory ou WriteProcessMemory a été effectuée. (0x12B)
[0831/120446.975:ERROR:process_memory_win.cc(73)] ReadMemory at 0x16486cd6e80 of 512 bytes failed: Seule une partie d’une requête ReadProcessMemory ou WriteProcessMemory a été effectuée. (0x12B)
[0831/120446.975:ERROR:process_memory_win.cc(73)] ReadMemory at 0x16488740000 of 384 bytes failed: Seule une partie d’une requête ReadProcessMemory ou WriteProcessMemory a été effectuée. (0x12B)
[0831/120446.975:ERROR:process_memory_win.cc(73)] ReadMemory at 0x1648874cea0 of 512 bytes failed: Seule une partie d’une requête ReadProcessMemory ou WriteProcessMemory a été effectuée. (0x12B)
[0831/120446.975:ERROR:process_memory_win.cc(73)] ReadMemory at 0x16488814500 of 512 bytes failed: Seule une partie d’une requête ReadProcessMemory ou WriteProcessMemory a été effectuée. (0x12B)
[0831/120446.975:ERROR:process_memory_win.cc(73)] ReadMemory at 0x164892914d0 of 512 bytes failed: Seule une partie d’une requête ReadProcessMemory ou WriteProcessMemory a été effectuée. (0x12B)
[0831/120446.975:ERROR:process_memory_win.cc(73)] ReadMemory at 0x164893041a0 of 512 bytes failed: Seule une partie d’une requête ReadProcessMemory ou WriteProcessMemory a été effectuée. (0x12B)
[0831/120446.975:ERROR:process_memory_win.cc(73)] ReadMemory at 0x16489609fc0 of 512 bytes failed: Seule une partie d’une requête ReadProcessMemory ou WriteProcessMemory a été effectuée. (0x12B)
[0831/120446.976:ERROR:process_memory_win.cc(73)] ReadMemory at 0x26e900000000 of 384 bytes failed: Seule une partie d’une requête ReadProcessMemory ou WriteProcessMemory a été effectuée. (0x12B)
[0831/120446.976:ERROR:process_memory_win.cc(73)] ReadMemory at 0x26e9080b6fe0 of 512 bytes failed: Seule une partie d’une requête ReadProcessMemory ou WriteProcessMemory a été effectuée. (0x12B)
[0831/120446.976:ERROR:process_memory_win.cc(73)] ReadMemory at 0x26e9084529dc of 512 bytes failed: Seule une partie d’une requête ReadProcessMemory ou WriteProcessMemory a été effectuée. (0x12B)
[0831/120446.976:ERROR:process_memory_win.cc(73)] ReadMemory at 0x26e9085f44c0 of 512 bytes failed: Seule une partie d’une requête ReadProcessMemory ou WriteProcessMemory a été effectuée. (0x12B)
[0831/120446.976:ERROR:process_memory_win.cc(73)] ReadMemory at 0x26e90890aec0 of 512 bytes failed: Seule une partie d’une requête ReadProcessMemory ou WriteProcessMemory a été effectuée. (0x12B)
[0831/120446.976:ERROR:process_memory_win.cc(73)] ReadMemory at 0x7ffefdf9f6e4 of 512 bytes failed: Seule une partie d’une requête ReadProcessMemory ou WriteProcessMemory a été effectuée. (0x12B)
[0831/120446.976:ERROR:process_memory_win.cc(73)] ReadMemory at 0x7ffefe35974c of 512 bytes failed: Seule une partie d’une requête ReadProcessMemory ou WriteProcessMemory a été effectuée. (0x12B)
[0831/120446.976:ERROR:process_memory_win.cc(73)] ReadMemory at 0x7fff025c0448 of 512 bytes failed: Seule une partie d’une requête ReadProcessMemory ou WriteProcessMemory a été effectuée. (0x12B)
[0831/120446.977:ERROR:process_memory_win.cc(73)] ReadMemory at 0x7fff0284b533 of 512 bytes failed: Seule une partie d’une requête ReadProcessMemory ou WriteProcessMemory a été effectuée. (0x12B)
[0831/120446.977:ERROR:process_memory_win.cc(73)] ReadMemory at 0x7fff4cdba699 of 512 bytes failed: Seule une partie d’une requête ReadProcessMemory ou WriteProcessMemory a été effectuée. (0x12B)
[0831/120446.977:ERROR:process_memory_win.cc(73)] ReadMemory at 0x7fff4cfec6d0 of 512 bytes failed: Seule une partie d’une requête ReadProcessMemory ou WriteProcessMemory a été effectuée. (0x12B)
[0831/120446.977:ERROR:process_memory_win.cc(73)] ReadMemory at 0x7fff4f65c074 of 672 bytes failed: Seule une partie d’une requête ReadProcessMemory ou WriteProcessMemory a été effectuée. (0x12B)
[0831/120446.977:ERROR:process_memory_win.cc(73)] ReadMemory at 0x7fff4f65c674 of 512 bytes failed: Seule une partie d’une requête ReadProcessMemory ou WriteProcessMemory a été effectuée. (0x12B)
[0831/120446.977:ERROR:process_memory_win.cc(73)] ReadMemory at 0x7fff4f65f924 of 608 bytes failed: Seule une partie d’une requête ReadProcessMemory ou WriteProcessMemory a été effectuée. (0x12B)
[0831/120446.977:ERROR:process_memory_win.cc(73)] ReadMemory at 0x7fff4f6ec428 of 18 bytes failed: Seule une partie d’une requête ReadProcessMemory ou WriteProcessMemory a été effectuée. (0x12B)
[0831/120446.978:ERROR:process_memory_win.cc(73)] ReadMemory at 0x7fff4f71f4f8 of 40 bytes failed: Seule une partie d’une requête ReadProcessMemory ou WriteProcessMemory a été effectuée. (0x12B)
[0831/120446.978:ERROR:process_memory_win.cc(73)] ReadMemory at 0x7fff4f71f978 of 48 bytes failed: Seule une partie d’une requête ReadProcessMemory ou WriteProcessMemory a été effectuée. (0x12B)
[0831/120446.978:ERROR:process_memory_win.cc(73)] ReadMemory at 0x7fff4f7253c0 of 64 bytes failed: Seule une partie d’une requête ReadProcessMemory ou WriteProcessMemory a été effectuée. (0x12B)
[0831/120446.980:ERROR:scoped_process_suspend.cc(40)] NtResumeProcess: Tentative d’accès à un processus en cours d’arrêt. (0xc000010a)
